

Microchip MPLAB XC8 Assembler V3.00 build 20241204225717 
                                                                                               Thu Sep 11 11:13:21 2025

Microchip MPLAB XC8 C Compiler v3.00 (Free license) build 20241204225717 Og1 
     1                           	processor	16F628A
     2                           	pagewidth 120
     3                           	opt	flic
     4                           	psect	idataCOMMON,global,class=CODE,space=0,delta=2,noexec
     5                           	psect	idataBANK0,global,class=CODE,space=0,delta=2,noexec
     6                           	psect	cinit,global,class=CODE,space=0,merge=1,delta=2
     7                           	psect	bssCOMMON,global,class=COMMON,space=1,delta=1,noexec
     8                           	psect	dataCOMMON,global,class=COMMON,space=1,delta=1,noexec
     9                           	psect	bssBANK0,global,class=BANK0,space=1,delta=1,noexec
    10                           	psect	dataBANK0,global,class=BANK0,space=1,delta=1,noexec
    11                           	psect	inittext,global,class=CODE,space=0,delta=2
    12                           	psect	cstackCOMMON,global,class=COMMON,space=1,delta=1,noexec
    13                           	psect	cstackBANK0,global,class=BANK0,space=1,delta=1,noexec
    14                           	psect	maintext,global,class=CODE,space=0,split=1,delta=2
    15                           	psect	text1,local,class=CODE,space=0,merge=1,delta=2
    16                           	psect	text2,local,class=CODE,space=0,merge=1,delta=2,group=1
    17                           	psect	text3,local,class=CODE,space=0,merge=1,delta=2
    18                           	psect	text4,local,class=CODE,space=0,merge=1,delta=2
    19                           	psect	text5,local,class=CODE,space=0,merge=1,delta=2
    20                           	psect	text6,local,class=CODE,space=0,merge=1,delta=2
    21                           	psect	intentry,global,class=CODE,space=0,delta=2
    22                           	psect	config,global,abs,ovrld,class=CONFIG,space=4,delta=2,noexec
    23                           	dabs	1,0x7E,2
    24     0000                     
    25                           ; Generated 12/10/2023 GMT
    26                           ; 
    27                           ; Copyright © 2023, Microchip Technology Inc. and its subsidiaries ("Microchip")
    28                           ; All rights reserved.
    29                           ; 
    30                           ; This software is developed by Microchip Technology Inc. and its subsidiaries ("Microch
      +                          ip").
    31                           ; 
    32                           ; Redistribution and use in source and binary forms, with or without modification, are
    33                           ; permitted provided that the following conditions are met:
    34                           ; 
    35                           ;     1. Redistributions of source code must retain the above copyright notice, this lis
      +                          t of
    36                           ;        conditions and the following disclaimer.
    37                           ; 
    38                           ;     2. Redistributions in binary form must reproduce the above copyright notice, this 
      +                          list
    39                           ;        of conditions and the following disclaimer in the documentation and/or other
    40                           ;        materials provided with the distribution. Publication is not required when
    41                           ;        this file is used in an embedded application.
    42                           ; 
    43                           ;     3. Microchip's name may not be used to endorse or promote products derived from th
      +                          is
    44                           ;        software without specific prior written permission.
    45                           ; 
    46                           ; THIS SOFTWARE IS PROVIDED BY MICROCHIP "AS IS" AND ANY EXPRESS OR IMPLIED WARRANTIES,
    47                           ; INCLUDING, BUT NOT LIMITED TO, THE IMPLIED WARRANTIES OF MERCHANTABILITY AND FITNESS F
      +                          OR
    48                           ; PURPOSE ARE DISCLAIMED.  IN NO EVENT SHALL MICROCHIP BE LIABLE FOR ANY DIRECT, INDIREC
      +                          T,
    49                           ; INCIDENTAL, SPECIAL, EXEMPLARY, OR CONSEQUENTIAL DAMAGES (INCLUDING BUT NOT LIMITED TO
    50                           ; PROCUREMENT OF SUBSTITUTE GOODS OR SERVICES; LOSS OF USE, DATA OR PROFITS; OR BUSINESS
    51                           ; INTERRUPTION) HOWSOEVER CAUSED AND ON ANY THEORY OF LIABILITY, WHETHER IN CONTRACT, ST
      +                          RICT
    52                           ; LIABILITY, OR TORT (INCLUDING NEGLIGENCE OR OTHERWISE) ARISING IN ANY WAY OUT OF THE U
      +                          SE OF
    53                           ; THIS SOFTWARE, EVEN IF ADVISED OF THE POSSIBILITY OF SUCH DAMAGE.
    54                           ; 
    55                           ; 
    56                           ; Code-generator required, PIC16F628A Definitions
    57                           ; 
    58                           ; SFR Addresses
    59     0004                     fsr             equ	4
    60     0004                     fsr0            equ	4
    61     0000                     indf            equ	0
    62     0000                     indf0           equ	0
    63     0002                     pc              equ	2
    64     0002                     pcl             equ	2
    65     000A                     pclath          equ	10
    66     0003                     status          equ	3
    67     0000                     INDF            equ	0	;# 
    68     0001                     TMR0            equ	1	;# 
    69     0002                     PCL             equ	2	;# 
    70     0003                     STATUS          equ	3	;# 
    71     0004                     FSR             equ	4	;# 
    72     0005                     PORTA           equ	5	;# 
    73     0006                     PORTB           equ	6	;# 
    74     000A                     PCLATH          equ	10	;# 
    75     000B                     INTCON          equ	11	;# 
    76     000C                     PIR1            equ	12	;# 
    77     000E                     TMR1            equ	14	;# 
    78     000E                     TMR1L           equ	14	;# 
    79     000F                     TMR1H           equ	15	;# 
    80     0010                     T1CON           equ	16	;# 
    81     0011                     TMR2            equ	17	;# 
    82     0012                     T2CON           equ	18	;# 
    83     0015                     CCPR1           equ	21	;# 
    84     0015                     CCPR1L          equ	21	;# 
    85     0016                     CCPR1H          equ	22	;# 
    86     0017                     CCP1CON         equ	23	;# 
    87     0018                     RCSTA           equ	24	;# 
    88     0019                     TXREG           equ	25	;# 
    89     001A                     RCREG           equ	26	;# 
    90     001F                     CMCON           equ	31	;# 
    91     0081                     OPTION_REG      equ	129	;# 
    92     0085                     TRISA           equ	133	;# 
    93     0086                     TRISB           equ	134	;# 
    94     008C                     PIE1            equ	140	;# 
    95     008E                     PCON            equ	142	;# 
    96     0092                     PR2             equ	146	;# 
    97     0098                     TXSTA           equ	152	;# 
    98     0099                     SPBRG           equ	153	;# 
    99     009A                     EEDATA          equ	154	;# 
   100     009B                     EEADR           equ	155	;# 
   101     009C                     EECON1          equ	156	;# 
   102     009D                     EECON2          equ	157	;# 
   103     009F                     VRCON           equ	159	;# 
   104     0000                     INDF            equ	0	;# 
   105     0001                     TMR0            equ	1	;# 
   106     0002                     PCL             equ	2	;# 
   107     0003                     STATUS          equ	3	;# 
   108     0004                     FSR             equ	4	;# 
   109     0005                     PORTA           equ	5	;# 
   110     0006                     PORTB           equ	6	;# 
   111     000A                     PCLATH          equ	10	;# 
   112     000B                     INTCON          equ	11	;# 
   113     000C                     PIR1            equ	12	;# 
   114     000E                     TMR1            equ	14	;# 
   115     000E                     TMR1L           equ	14	;# 
   116     000F                     TMR1H           equ	15	;# 
   117     0010                     T1CON           equ	16	;# 
   118     0011                     TMR2            equ	17	;# 
   119     0012                     T2CON           equ	18	;# 
   120     0015                     CCPR1           equ	21	;# 
   121     0015                     CCPR1L          equ	21	;# 
   122     0016                     CCPR1H          equ	22	;# 
   123     0017                     CCP1CON         equ	23	;# 
   124     0018                     RCSTA           equ	24	;# 
   125     0019                     TXREG           equ	25	;# 
   126     001A                     RCREG           equ	26	;# 
   127     001F                     CMCON           equ	31	;# 
   128     0081                     OPTION_REG      equ	129	;# 
   129     0085                     TRISA           equ	133	;# 
   130     0086                     TRISB           equ	134	;# 
   131     008C                     PIE1            equ	140	;# 
   132     008E                     PCON            equ	142	;# 
   133     0092                     PR2             equ	146	;# 
   134     0098                     TXSTA           equ	152	;# 
   135     0099                     SPBRG           equ	153	;# 
   136     009A                     EEDATA          equ	154	;# 
   137     009B                     EEADR           equ	155	;# 
   138     009C                     EECON1          equ	156	;# 
   139     009D                     EECON2          equ	157	;# 
   140     009F                     VRCON           equ	159	;# 
   141                           
   142                           	psect	idataCOMMON
   143     0203                     __pidataCOMMON:
   144                           
   145                           ;initializer for _currentIncrementIndex
   146     0203  3402               	retlw	2
   147                           
   148                           	psect	idataBANK0
   149     016E                     __pidataBANK0:
   150                           
   151                           ;initializer for _incrementValues
   152     016E  3464               	retlw	100
   153     016F  3400               	retlw	0
   154     0170  3400               	retlw	0
   155     0171  3400               	retlw	0
   156     0172  34E8               	retlw	232
   157     0173  3403               	retlw	3
   158     0174  3400               	retlw	0
   159     0175  3400               	retlw	0
   160     0176  3410               	retlw	16
   161     0177  3427               	retlw	39
   162     0178  3400               	retlw	0
   163     0179  3400               	retlw	0
   164     017A  34A0               	retlw	160
   165     017B  3486               	retlw	134
   166     017C  3401               	retlw	1
   167     017D  3400               	retlw	0
   168     017E  3440               	retlw	64
   169     017F  3442               	retlw	66
   170     0180  340F               	retlw	15
   171     0181  3400               	retlw	0
   172                           
   173                           ;initializer for _maxFreq
   174     0182  3480               	retlw	128
   175     0183  34C3               	retlw	195
   176     0184  34C9               	retlw	201
   177     0185  3401               	retlw	1
   178                           
   179                           ;initializer for _minFreq
   180     0186  3464               	retlw	100
   181     0187  3400               	retlw	0
   182     0188  3400               	retlw	0
   183     0189  3400               	retlw	0
   184                           
   185                           ;initializer for _currentFreq
   186     018A  3440               	retlw	64
   187     018B  3442               	retlw	66
   188     018C  340F               	retlw	15
   189     018D  3400               	retlw	0
   190     0006                     _PORTBbits      set	6
   191     001F                     _CMCON          set	31
   192     0005                     _PORTAbits      set	5
   193     005C                     _INTE           set	92
   194     005F                     _GIE            set	95
   195     0035                     _RB5            set	53
   196     0059                     _INTF           set	89
   197     0085                     _TRISA          set	133
   198     0086                     _TRISB          set	134
   199     040E                     _INTEDG         set	1038
   200                           
   201                           	psect	cinit
   202     000B                     start_initialization:	
   203                           ; #config settings
   204                           
   205     000B                     __initialization:
   206                           
   207                           ; Initialize objects allocated to BANK0
   208     000B  1383               	bcf	3,7	;select IRP bank0
   209     000C  3040               	movlw	low (__pdataBANK0+32)
   210     000D  00FD               	movwf	btemp+-1
   211     000E  3001               	movlw	high __pidataBANK0
   212     000F  00FE               	movwf	btemp
   213     0010  306E               	movlw	low __pidataBANK0
   214     0011  00FF               	movwf	btemp+1
   215     0012  3020               	movlw	low __pdataBANK0
   216     0013  0084               	movwf	4
   217     0014  21ED               	fcall	init_ram0
   218                           
   219                           ; Initialize objects allocated to COMMON
   220     0015  2203               	fcall	__pidataCOMMON	;fetch initializer
   221     0016  00FB               	movwf	__pdataCOMMON& (0+127)
   222                           
   223                           ; Clear objects allocated to BANK0
   224     0017  01CE               	clrf	__pbssBANK0& (0+127)
   225     0018  01CF               	clrf	(__pbssBANK0+1)& (0+127)
   226                           
   227                           ; Clear objects allocated to COMMON
   228     0019  01F9               	clrf	__pbssCOMMON& (0+127)
   229     001A  01FA               	clrf	(__pbssCOMMON+1)& (0+127)
   230     001B                     end_of_initialization:	
   231                           ;End of C runtime variable initialization code
   232                           
   233     001B                     __end_of__initialization:
   234     001B  0183               	clrf	3
   235     001C  281D               	ljmp	_main	;jump to C main() function
   236                           
   237                           	psect	bssCOMMON
   238     0079                     __pbssCOMMON:
   239     0079                     _encoder_counter:
   240     0079                     	ds	2
   241                           
   242                           	psect	dataCOMMON
   243     007B                     __pdataCOMMON:
   244     007B                     _currentIncrementIndex:
   245     007B                     	ds	1
   246                           
   247                           	psect	bssBANK0
   248     004E                     __pbssBANK0:
   249     004E                     _last_encoder_value:
   250     004E                     	ds	2
   251                           
   252                           	psect	dataBANK0
   253     0020                     __pdataBANK0:
   254     0020                     _incrementValues:
   255     0020                     	ds	20
   256     0034                     _maxFreq:
   257     0034                     	ds	4
   258     0038                     _minFreq:
   259     0038                     	ds	4
   260     003C                     _currentFreq:
   261     003C                     	ds	4
   262                           
   263                           	psect	inittext
   264     01E9                     init_fetch0:	
   265                           ;	Called with low address in FSR and high address in W
   266                           
   267     01E9  087E               	movf	btemp,w
   268     01EA  008A               	movwf	10
   269     01EB  087F               	movf	btemp+1,w
   270     01EC  0082               	movwf	2
   271     01ED                     init_ram0:	
   272                           ;Called with:
   273                           ;	high address of idata address in btemp 
   274                           ;	low address of idata address in btemp+1 
   275                           ;	low address of data in FSR
   276                           ;	high address + 1 of data in btemp-1
   277                           
   278     01ED  21E9               	fcall	init_fetch0
   279     01EE  0080               	movwf	0
   280     01EF  0A84               	incf	4,f
   281     01F0  0804               	movf	4,w
   282     01F1  067D               	xorwf	btemp+-1,w
   283     01F2  1903               	btfsc	3,2
   284     01F3  3400               	retlw	0
   285     01F4  0AFF               	incf	btemp+1,f
   286     01F5  1903               	btfsc	3,2
   287     01F6  0AFE               	incf	btemp,f
   288     01F7  29ED               	goto	init_ram0
   289                           
   290                           	psect	cstackCOMMON
   291     0070                     __pcstackCOMMON:
   292     0070                     ?_init_ports:
   293     0070                     ?_DDS_Reset:	
   294                           ; 1 bytes @ 0x0
   295                           
   296     0070                     ?_ISR_Handler:	
   297                           ; 1 bytes @ 0x0
   298                           
   299     0070                     ?_main:	
   300                           ; 1 bytes @ 0x0
   301                           
   302     0070                     ?_pulse_byte:	
   303                           ; 1 bytes @ 0x0
   304                           
   305     0070                     ??_ISR_Handler:	
   306                           ; 1 bytes @ 0x0
   307                           
   308                           
   309                           ; 1 bytes @ 0x0
   310     0070                     	ds	2
   311     0072                     ??_init_ports:
   312     0072                     ??_DDS_Reset:	
   313                           ; 1 bytes @ 0x2
   314                           
   315     0072                     ??_pulse_byte:	
   316                           ; 1 bytes @ 0x2
   317                           
   318     0072                     ??___lmul:	
   319                           ; 1 bytes @ 0x2
   320                           
   321                           
   322                           ; 1 bytes @ 0x2
   323     0072                     	ds	1
   324     0073                     ___lmul@product:
   325                           
   326                           ; 4 bytes @ 0x3
   327     0073                     	ds	1
   328     0074                     pulse_byte@data:
   329                           
   330                           ; 1 bytes @ 0x4
   331     0074                     	ds	1
   332     0075                     pulse_byte@i:
   333                           
   334                           ; 1 bytes @ 0x5
   335     0075                     	ds	2
   336     0077                     ??_main:
   337                           
   338                           ; 1 bytes @ 0x7
   339     0077                     	ds	2
   340                           
   341                           	psect	cstackBANK0
   342     0040                     __pcstackBANK0:
   343     0040                     ?_DDS_SetFrequency:
   344     0040                     ?___lmul:	
   345                           ; 1 bytes @ 0x0
   346                           
   347     0040                     DDS_SetFrequency@frequency:	
   348                           ; 4 bytes @ 0x0
   349                           
   350     0040                     ___lmul@multiplier:	
   351                           ; 4 bytes @ 0x0
   352                           
   353                           
   354                           ; 4 bytes @ 0x0
   355     0040                     	ds	4
   356     0044                     ___lmul@multiplicand:
   357     0044                     ??_DDS_SetFrequency:	
   358                           ; 4 bytes @ 0x4
   359                           
   360                           
   361                           ; 1 bytes @ 0x4
   362     0044                     	ds	5
   363     0049                     DDS_SetFrequency@tuningWord:
   364                           
   365                           ; 4 bytes @ 0x9
   366     0049                     	ds	4
   367     004D                     DDS_SetFrequency@i:
   368                           
   369                           ; 1 bytes @ 0xD
   370     004D                     	ds	1
   371                           
   372                           	psect	maintext
   373     001D                     __pmaintext:	
   374 ;;
   375 ;;Main: autosize = 0, tempsize = 2, incstack = 0, save=0
   376 ;;
   377 ;; *************** function _main *****************
   378 ;; Defined at:
   379 ;;		line 58 in file "main.c"
   380 ;; Parameters:    Size  Location     Type
   381 ;;		None
   382 ;; Auto vars:     Size  Location     Type
   383 ;;		None
   384 ;; Return value:  Size  Location     Type
   385 ;;                  1    wreg      void 
   386 ;; Registers used:
   387 ;;		wreg, fsr0l, fsr0h, status,2, status,0, pclath, cstack
   388 ;; Tracked objects:
   389 ;;		On entry : B00/0
   390 ;;		On exit  : 0/0
   391 ;;		Unchanged: 0/0
   392 ;; Data sizes:     COMMON   BANK0   BANK1   BANK2
   393 ;;      Params:         0       0       0       0
   394 ;;      Locals:         0       0       0       0
   395 ;;      Temps:          2       0       0       0
   396 ;;      Totals:         2       0       0       0
   397 ;;Total ram usage:        2 bytes
   398 ;; Hardware stack levels required when called: 3
   399 ;; This function calls:
   400 ;;		_DDS_Reset
   401 ;;		_DDS_SetFrequency
   402 ;;		___lmul
   403 ;;		_init_ports
   404 ;; This function is called by:
   405 ;;		Startup code after reset
   406 ;; This function uses a non-reentrant model
   407 ;;
   408                           
   409     001D                     _main:	
   410                           ;psect for function _main
   411                           
   412     001D                     l874:	
   413                           ;incstack = 0
   414                           ; Regs used in _main: [wreg-fsr0h+status,2+status,0+pclath+cstack]
   415                           
   416                           
   417                           ;main.c: 59:     init_ports();
   418     001D  21F8               	fcall	_init_ports
   419     001E                     l876:
   420                           
   421                           ;main.c: 62:     GIE = 1;
   422     001E  178B               	bsf	11,7	;volatile
   423     001F                     l878:
   424                           
   425                           ;main.c: 63:     INTE = 1;
   426     001F  160B               	bsf	11,4	;volatile
   427     0020                     l880:
   428                           
   429                           ;main.c: 64:     INTEDG = 1;
   430     0020  1683               	bsf	3,5	;RP0=1, select bank1
   431     0021  1303               	bcf	3,6	;RP1=0, select bank1
   432     0022  1701               	bsf	1,6	;volatile
   433     0023                     l882:
   434                           
   435                           ;main.c: 67:     DDS_Reset();
   436     0023  21CD               	fcall	_DDS_Reset
   437     0024                     l884:
   438                           
   439                           ;main.c: 68:     DDS_SetFrequency(currentFreq);
   440     0024  1283               	bcf	3,5	;RP0=0, select bank0
   441     0025  1303               	bcf	3,6	;RP1=0, select bank0
   442     0026  083F               	movf	_currentFreq+3,w
   443     0027  00C3               	movwf	DDS_SetFrequency@frequency+3
   444     0028  083E               	movf	_currentFreq+2,w
   445     0029  00C2               	movwf	DDS_SetFrequency@frequency+2
   446     002A  083D               	movf	_currentFreq+1,w
   447     002B  00C1               	movwf	DDS_SetFrequency@frequency+1
   448     002C  083C               	movf	_currentFreq,w
   449     002D  00C0               	movwf	DDS_SetFrequency@frequency
   450     002E  2131               	fcall	_DDS_SetFrequency
   451     002F                     l886:
   452                           
   453                           ;main.c: 72:         if (last_encoder_value != encoder_counter) {
   454     002F  087A               	movf	_encoder_counter+1,w	;volatile
   455     0030  1283               	bcf	3,5	;RP0=0, select bank0
   456     0031  1303               	bcf	3,6	;RP1=0, select bank0
   457     0032  064F               	xorwf	_last_encoder_value+1,w
   458     0033  1D03               	skipz
   459     0034  2837               	goto	u495
   460     0035  0879               	movf	_encoder_counter,w	;volatile
   461     0036  064E               	xorwf	_last_encoder_value,w
   462     0037                     u495:
   463     0037  1903               	skipnz
   464     0038  283A               	goto	u491
   465     0039  283B               	goto	u490
   466     003A                     u491:
   467     003A  28C7               	goto	l902
   468     003B                     u490:
   469     003B                     l888:
   470                           
   471                           ;main.c: 74:             currentFreq += (encoder_counter - last_encoder_value) * increme
      +                          ntValues[currentIncrementIndex];
   472     003B  084E               	movf	_last_encoder_value,w
   473     003C  0279               	subwf	_encoder_counter,w	;volatile
   474     003D  00C0               	movwf	___lmul@multiplier
   475     003E  084F               	movf	_last_encoder_value+1,w
   476     003F  1C03               	skipc
   477     0040  0A4F               	incf	_last_encoder_value+1,w
   478     0041  027A               	subwf	_encoder_counter+1,w	;volatile
   479     0042  00C1               	movwf	___lmul@multiplier+1
   480     0043  01C2               	clrf	___lmul@multiplier+2
   481     0044  1BC1               	btfsc	___lmul@multiplier+1,7
   482     0045  03C2               	decf	___lmul@multiplier+2,f
   483     0046  0842               	movf	___lmul@multiplier+2,w
   484     0047  00C3               	movwf	___lmul@multiplier+3
   485     0048  087B               	movf	_currentIncrementIndex,w
   486     0049  00F7               	movwf	??_main
   487     004A  3001               	movlw	1
   488     004B                     u505:
   489     004B  1003               	clrc
   490     004C  0DF7               	rlf	??_main,f
   491     004D  3EFF               	addlw	-1
   492     004E  1D03               	skipz
   493     004F  284B               	goto	u505
   494     0050  1003               	clrc
   495     0051  0D77               	rlf	??_main,w
   496     0052  3E20               	addlw	(low (_incrementValues| 0))& (0+255)
   497     0053  0084               	movwf	4
   498     0054  1383               	bcf	3,7	;select IRP bank0
   499     0055  0800               	movf	0,w
   500     0056  00C4               	movwf	___lmul@multiplicand
   501     0057  0A84               	incf	4,f
   502     0058  0800               	movf	0,w
   503     0059  00C5               	movwf	___lmul@multiplicand+1
   504     005A  0A84               	incf	4,f
   505     005B  0800               	movf	0,w
   506     005C  00C6               	movwf	___lmul@multiplicand+2
   507     005D  0A84               	incf	4,f
   508     005E  0800               	movf	0,w
   509     005F  00C7               	movwf	___lmul@multiplicand+3
   510     0060  20E9               	fcall	___lmul
   511     0061  1283               	bcf	3,5	;RP0=0, select bank0
   512     0062  1303               	bcf	3,6	;RP1=0, select bank0
   513     0063  0840               	movf	?___lmul,w
   514     0064  07BC               	addwf	_currentFreq,f
   515     0065  0841               	movf	?___lmul+1,w
   516     0066  1103               	clrz
   517     0067  1803               	skipnc
   518     0068  3E01               	addlw	1
   519     0069  1903               	skipnz
   520     006A  286C               	goto	u511
   521     006B  07BD               	addwf	_currentFreq+1,f
   522     006C                     u511:
   523     006C  0842               	movf	?___lmul+2,w
   524     006D  1103               	clrz
   525     006E  1803               	skipnc
   526     006F  3E01               	addlw	1
   527     0070  1903               	skipnz
   528     0071  2873               	goto	u512
   529     0072  07BE               	addwf	_currentFreq+2,f
   530     0073                     u512:
   531     0073  0843               	movf	?___lmul+3,w
   532     0074  1103               	clrz
   533     0075  1803               	skipnc
   534     0076  3E01               	addlw	1
   535     0077  1903               	skipnz
   536     0078  287A               	goto	u513
   537     0079  07BF               	addwf	_currentFreq+3,f
   538     007A                     u513:
   539     007A                     l890:
   540                           
   541                           ;main.c: 77:             if (currentFreq > maxFreq) {
   542     007A  3001               	movlw	1
   543     007B  023F               	subwf	_currentFreq+3,w
   544     007C  1D03               	skipz
   545     007D  288A               	goto	u523
   546     007E  30C9               	movlw	201
   547     007F  023E               	subwf	_currentFreq+2,w
   548     0080  1D03               	skipz
   549     0081  288A               	goto	u523
   550     0082  30C3               	movlw	195
   551     0083  023D               	subwf	_currentFreq+1,w
   552     0084  1D03               	skipz
   553     0085  288A               	goto	u523
   554     0086  3081               	movlw	129
   555     0087  023C               	subwf	_currentFreq,w
   556     0088  1D03               	skipz
   557     0089  288A               	goto	u523
   558     008A                     u523:
   559     008A  1C03               	btfss	3,0
   560     008B  288D               	goto	u521
   561     008C  288E               	goto	u520
   562     008D                     u521:
   563     008D  2899               	goto	l894
   564     008E                     u520:
   565     008E                     l892:
   566                           
   567                           ;main.c: 78:                 currentFreq = maxFreq;
   568     008E  3001               	movlw	1
   569     008F  1283               	bcf	3,5	;RP0=0, select bank0
   570     0090  1303               	bcf	3,6	;RP1=0, select bank0
   571     0091  00BF               	movwf	_currentFreq+3
   572     0092  30C9               	movlw	201
   573     0093  00BE               	movwf	_currentFreq+2
   574     0094  30C3               	movlw	195
   575     0095  00BD               	movwf	_currentFreq+1
   576     0096  3080               	movlw	128
   577     0097  00BC               	movwf	_currentFreq
   578                           
   579                           ;main.c: 79:             } else if (currentFreq < minFreq) {
   580     0098  28B6               	goto	l898
   581     0099                     l894:
   582     0099  1283               	bcf	3,5	;RP0=0, select bank0
   583     009A  1303               	bcf	3,6	;RP1=0, select bank0
   584     009B  083F               	movf	_currentFreq+3,w
   585     009C  1D03               	btfss	3,2
   586     009D  28AB               	goto	u531
   587     009E  083E               	movf	_currentFreq+2,w
   588     009F  1D03               	btfss	3,2
   589     00A0  28AB               	goto	u531
   590     00A1  083D               	movf	_currentFreq+1,w
   591     00A2  1D03               	btfss	3,2
   592     00A3  28AB               	goto	u531
   593     00A4  3064               	movlw	100
   594     00A5  023C               	subwf	_currentFreq,w
   595     00A6  1D03               	skipz
   596     00A7  28A8               	goto	u533
   597     00A8                     u533:
   598     00A8  1803               	btfsc	3,0
   599     00A9  28AB               	goto	u531
   600     00AA  28AC               	goto	u530
   601     00AB                     u531:
   602     00AB  28B6               	goto	l898
   603     00AC                     u530:
   604     00AC                     l896:
   605                           
   606                           ;main.c: 80:                 currentFreq = minFreq;
   607     00AC  3000               	movlw	0
   608     00AD  1283               	bcf	3,5	;RP0=0, select bank0
   609     00AE  1303               	bcf	3,6	;RP1=0, select bank0
   610     00AF  00BF               	movwf	_currentFreq+3
   611     00B0  3000               	movlw	0
   612     00B1  00BE               	movwf	_currentFreq+2
   613     00B2  3000               	movlw	0
   614     00B3  00BD               	movwf	_currentFreq+1
   615     00B4  3064               	movlw	100
   616     00B5  00BC               	movwf	_currentFreq
   617     00B6                     l898:
   618                           
   619                           ;main.c: 84:             DDS_SetFrequency(currentFreq);
   620     00B6  1283               	bcf	3,5	;RP0=0, select bank0
   621     00B7  1303               	bcf	3,6	;RP1=0, select bank0
   622     00B8  083F               	movf	_currentFreq+3,w
   623     00B9  00C3               	movwf	DDS_SetFrequency@frequency+3
   624     00BA  083E               	movf	_currentFreq+2,w
   625     00BB  00C2               	movwf	DDS_SetFrequency@frequency+2
   626     00BC  083D               	movf	_currentFreq+1,w
   627     00BD  00C1               	movwf	DDS_SetFrequency@frequency+1
   628     00BE  083C               	movf	_currentFreq,w
   629     00BF  00C0               	movwf	DDS_SetFrequency@frequency
   630     00C0  2131               	fcall	_DDS_SetFrequency
   631     00C1                     l900:
   632                           
   633                           ;main.c: 87:             last_encoder_value = encoder_counter;
   634     00C1  087A               	movf	_encoder_counter+1,w	;volatile
   635     00C2  1283               	bcf	3,5	;RP0=0, select bank0
   636     00C3  1303               	bcf	3,6	;RP1=0, select bank0
   637     00C4  00CF               	movwf	_last_encoder_value+1
   638     00C5  0879               	movf	_encoder_counter,w	;volatile
   639     00C6  00CE               	movwf	_last_encoder_value
   640     00C7                     l902:
   641                           
   642                           ;main.c: 91:         if (PORTAbits.RA2 == 1) {
   643     00C7  1D05               	btfss	5,2	;volatile
   644     00C8  28CA               	goto	u541
   645     00C9  28CB               	goto	u540
   646     00CA                     u541:
   647     00CA  282F               	goto	l886
   648     00CB                     u540:
   649     00CB                     l904:
   650                           
   651                           ;main.c: 92:             _delay((unsigned long)((10)*(4000000UL/4000.0)));
   652     00CB  300D               	movlw	13
   653     00CC  00F8               	movwf	??_main+1
   654     00CD  30FB               	movlw	251
   655     00CE  00F7               	movwf	??_main
   656     00CF                     u587:
   657     00CF  0BF7               	decfsz	??_main,f
   658     00D0  28CF               	goto	u587
   659     00D1  0BF8               	decfsz	??_main+1,f
   660     00D2  28CF               	goto	u587
   661     00D3  28D4               	nop2
   662     00D4                     l906:
   663                           
   664                           ;main.c: 93:             if (PORTAbits.RA2 == 1) {
   665     00D4  1283               	bcf	3,5	;RP0=0, select bank0
   666     00D5  1303               	bcf	3,6	;RP1=0, select bank0
   667     00D6  1D05               	btfss	5,2	;volatile
   668     00D7  28D9               	goto	u551
   669     00D8  28DA               	goto	u550
   670     00D9                     u551:
   671     00D9  282F               	goto	l886
   672     00DA                     u550:
   673     00DA                     l908:
   674                           
   675                           ;main.c: 94:                 currentIncrementIndex++;
   676     00DA  3001               	movlw	1
   677     00DB  07FB               	addwf	_currentIncrementIndex,f
   678     00DC                     l910:
   679                           
   680                           ;main.c: 95:                 if (currentIncrementIndex >= (sizeof(incrementValues) / siz
      +                          eof(unsigned long))) {
   681     00DC  3005               	movlw	5
   682     00DD  027B               	subwf	_currentIncrementIndex,w
   683     00DE  1C03               	skipc
   684     00DF  28E1               	goto	u561
   685     00E0  28E2               	goto	u560
   686     00E1                     u561:
   687     00E1  28E3               	goto	l63
   688     00E2                     u560:
   689     00E2                     l912:
   690                           
   691                           ;main.c: 96:                     currentIncrementIndex = 0;
   692     00E2  01FB               	clrf	_currentIncrementIndex
   693     00E3                     l63:
   694     00E3  1905               	btfsc	5,2	;volatile
   695     00E4  28E6               	goto	u571
   696     00E5  28E7               	goto	u570
   697     00E6                     u571:
   698     00E6  28E3               	goto	l63
   699     00E7                     u570:
   700     00E7  282F               	goto	l886
   701     00E8  280A               	ljmp	start
   702     00E9                     __end_of_main:
   703                           
   704                           	psect	text1
   705     01F8                     __ptext1:	
   706 ;; *************** function _init_ports *****************
   707 ;; Defined at:
   708 ;;		line 105 in file "main.c"
   709 ;; Parameters:    Size  Location     Type
   710 ;;		None
   711 ;; Auto vars:     Size  Location     Type
   712 ;;		None
   713 ;; Return value:  Size  Location     Type
   714 ;;                  1    wreg      void 
   715 ;; Registers used:
   716 ;;		None
   717 ;; Tracked objects:
   718 ;;		On entry : 0/0
   719 ;;		On exit  : 0/0
   720 ;;		Unchanged: 0/0
   721 ;; Data sizes:     COMMON   BANK0   BANK1   BANK2
   722 ;;      Params:         0       0       0       0
   723 ;;      Locals:         0       0       0       0
   724 ;;      Temps:          0       0       0       0
   725 ;;      Totals:         0       0       0       0
   726 ;;Total ram usage:        0 bytes
   727 ;; Hardware stack levels used: 1
   728 ;; Hardware stack levels required when called: 1
   729 ;; This function calls:
   730 ;;		Nothing
   731 ;; This function is called by:
   732 ;;		_main
   733 ;; This function uses a non-reentrant model
   734 ;;
   735                           
   736     01F8                     _init_ports:	
   737                           ;psect for function _init_ports
   738                           
   739     01F8                     l752:	
   740                           ;incstack = 0
   741                           ; Regs used in _init_ports: []
   742                           
   743                           
   744                           ;main.c: 106:     CMCON = 0x07;
   745     01F8  3007               	movlw	7
   746     01F9  1283               	bcf	3,5	;RP0=0, select bank0
   747     01FA  1303               	bcf	3,6	;RP1=0, select bank0
   748     01FB  009F               	movwf	31	;volatile
   749                           
   750                           ;main.c: 107:     TRISB = 0b00110000;
   751     01FC  3030               	movlw	48
   752     01FD  1683               	bsf	3,5	;RP0=1, select bank1
   753     01FE  1303               	bcf	3,6	;RP1=0, select bank1
   754     01FF  0086               	movwf	6	;volatile
   755                           
   756                           ;main.c: 108:     TRISA = 0b11111111;
   757     0200  30FF               	movlw	255
   758     0201  0085               	movwf	5	;volatile
   759     0202                     l71:
   760     0202  0008               	return
   761     0203                     __end_of_init_ports:
   762                           
   763                           	psect	text2
   764     00E9                     __ptext2:	
   765 ;; *************** function ___lmul *****************
   766 ;; Defined at:
   767 ;;		line 15 in file "C:\Program Files\Microchip\xc8\v3.00\pic\sources\c99\common\Umul32.c"
   768 ;; Parameters:    Size  Location     Type
   769 ;;  multiplier      4    0[BANK0 ] unsigned long 
   770 ;;  multiplicand    4    4[BANK0 ] unsigned long 
   771 ;; Auto vars:     Size  Location     Type
   772 ;;  product         4    3[COMMON] unsigned long 
   773 ;; Return value:  Size  Location     Type
   774 ;;                  4    0[BANK0 ] unsigned long 
   775 ;; Registers used:
   776 ;;		wreg, status,2, status,0
   777 ;; Tracked objects:
   778 ;;		On entry : 0/0
   779 ;;		On exit  : 0/0
   780 ;;		Unchanged: 0/0
   781 ;; Data sizes:     COMMON   BANK0   BANK1   BANK2
   782 ;;      Params:         0       8       0       0
   783 ;;      Locals:         4       0       0       0
   784 ;;      Temps:          1       0       0       0
   785 ;;      Totals:         5       8       0       0
   786 ;;Total ram usage:       13 bytes
   787 ;; Hardware stack levels used: 1
   788 ;; Hardware stack levels required when called: 1
   789 ;; This function calls:
   790 ;;		Nothing
   791 ;; This function is called by:
   792 ;;		_main
   793 ;; This function uses a non-reentrant model
   794 ;;
   795                           
   796     00E9                     ___lmul:	
   797                           ;psect for function ___lmul
   798                           
   799     00E9                     l860:	
   800                           ;incstack = 0
   801                           ; Regs used in ___lmul: [wreg+status,2+status,0]
   802                           
   803     00E9  3000               	movlw	0
   804     00EA  00F6               	movwf	___lmul@product+3
   805     00EB  3000               	movlw	0
   806     00EC  00F5               	movwf	___lmul@product+2
   807     00ED  3000               	movlw	0
   808     00EE  00F4               	movwf	___lmul@product+1
   809     00EF  3000               	movlw	0
   810     00F0  00F3               	movwf	___lmul@product
   811     00F1                     l862:
   812     00F1  1283               	bcf	3,5	;RP0=0, select bank0
   813     00F2  1303               	bcf	3,6	;RP1=0, select bank0
   814     00F3  1C40               	btfss	___lmul@multiplier,0
   815     00F4  28F6               	goto	u441
   816     00F5  28F7               	goto	u440
   817     00F6                     u441:
   818     00F6  290E               	goto	l866
   819     00F7                     u440:
   820     00F7                     l864:
   821     00F7  0844               	movf	___lmul@multiplicand,w
   822     00F8  07F3               	addwf	___lmul@product,f
   823     00F9  0845               	movf	___lmul@multiplicand+1,w
   824     00FA  1103               	clrz
   825     00FB  1803               	skipnc
   826     00FC  3E01               	addlw	1
   827     00FD  1903               	skipnz
   828     00FE  2900               	goto	u451
   829     00FF  07F4               	addwf	___lmul@product+1,f
   830     0100                     u451:
   831     0100  0846               	movf	___lmul@multiplicand+2,w
   832     0101  1103               	clrz
   833     0102  1803               	skipnc
   834     0103  3E01               	addlw	1
   835     0104  1903               	skipnz
   836     0105  2907               	goto	u452
   837     0106  07F5               	addwf	___lmul@product+2,f
   838     0107                     u452:
   839     0107  0847               	movf	___lmul@multiplicand+3,w
   840     0108  1103               	clrz
   841     0109  1803               	skipnc
   842     010A  3E01               	addlw	1
   843     010B  1903               	skipnz
   844     010C  290E               	goto	u453
   845     010D  07F6               	addwf	___lmul@product+3,f
   846     010E                     u453:
   847     010E                     l866:
   848     010E  3001               	movlw	1
   849     010F  00F2               	movwf	??___lmul
   850     0110                     u465:
   851     0110  1003               	clrc
   852     0111  0DC4               	rlf	___lmul@multiplicand,f
   853     0112  0DC5               	rlf	___lmul@multiplicand+1,f
   854     0113  0DC6               	rlf	___lmul@multiplicand+2,f
   855     0114  0DC7               	rlf	___lmul@multiplicand+3,f
   856     0115  0BF2               	decfsz	??___lmul,f
   857     0116  2910               	goto	u465
   858     0117                     l868:
   859     0117  3001               	movlw	1
   860     0118                     u475:
   861     0118  1003               	clrc
   862     0119  0CC3               	rrf	___lmul@multiplier+3,f
   863     011A  0CC2               	rrf	___lmul@multiplier+2,f
   864     011B  0CC1               	rrf	___lmul@multiplier+1,f
   865     011C  0CC0               	rrf	___lmul@multiplier,f
   866     011D  3EFF               	addlw	-1
   867     011E  1D03               	skipz
   868     011F  2918               	goto	u475
   869     0120  0843               	movf	___lmul@multiplier+3,w
   870     0121  0442               	iorwf	___lmul@multiplier+2,w
   871     0122  0441               	iorwf	___lmul@multiplier+1,w
   872     0123  0440               	iorwf	___lmul@multiplier,w
   873     0124  1D03               	skipz
   874     0125  2927               	goto	u481
   875     0126  2928               	goto	u480
   876     0127                     u481:
   877     0127  28F1               	goto	l862
   878     0128                     u480:
   879     0128                     l870:
   880     0128  0876               	movf	___lmul@product+3,w
   881     0129  00C3               	movwf	?___lmul+3
   882     012A  0875               	movf	___lmul@product+2,w
   883     012B  00C2               	movwf	?___lmul+2
   884     012C  0874               	movf	___lmul@product+1,w
   885     012D  00C1               	movwf	?___lmul+1
   886     012E  0873               	movf	___lmul@product,w
   887     012F  00C0               	movwf	?___lmul
   888     0130                     l184:
   889     0130  0008               	return
   890     0131                     __end_of___lmul:
   891                           
   892                           	psect	text3
   893     0131                     __ptext3:	
   894 ;; *************** function _DDS_SetFrequency *****************
   895 ;; Defined at:
   896 ;;		line 130 in file "main.c"
   897 ;; Parameters:    Size  Location     Type
   898 ;;  frequency       4    0[BANK0 ] unsigned long 
   899 ;; Auto vars:     Size  Location     Type
   900 ;;  i               1   13[BANK0 ] unsigned char 
   901 ;;  tuningWord      4    9[BANK0 ] unsigned long 
   902 ;; Return value:  Size  Location     Type
   903 ;;                  1    wreg      void 
   904 ;; Registers used:
   905 ;;		wreg, status,2, status,0, pclath, cstack
   906 ;; Tracked objects:
   907 ;;		On entry : 0/0
   908 ;;		On exit  : 0/0
   909 ;;		Unchanged: 0/0
   910 ;; Data sizes:     COMMON   BANK0   BANK1   BANK2
   911 ;;      Params:         0       4       0       0
   912 ;;      Locals:         0       5       0       0
   913 ;;      Temps:          0       5       0       0
   914 ;;      Totals:         0      14       0       0
   915 ;;Total ram usage:       14 bytes
   916 ;; Hardware stack levels used: 1
   917 ;; Hardware stack levels required when called: 2
   918 ;; This function calls:
   919 ;;		_pulse_byte
   920 ;; This function is called by:
   921 ;;		_main
   922 ;; This function uses a non-reentrant model
   923 ;;
   924                           
   925     0131                     _DDS_SetFrequency:	
   926                           ;psect for function _DDS_SetFrequency
   927                           
   928     0131                     l838:	
   929                           ;incstack = 0
   930                           ; Regs used in _DDS_SetFrequency: [wreg+status,2+status,0+pclath+cstack]
   931                           
   932                           
   933                           ;main.c: 131:     unsigned long tuningWord = (unsigned long)(((unsigned long long)freque
      +                          ncy * 4294967295ULL) / (unsigned long long)125000000UL);
   934     0131  3000               	movlw	0
   935     0132  1283               	bcf	3,5	;RP0=0, select bank0
   936     0133  1303               	bcf	3,6	;RP1=0, select bank0
   937     0134  00CC               	movwf	DDS_SetFrequency@tuningWord+3
   938     0135  3000               	movlw	0
   939     0136  00CB               	movwf	DDS_SetFrequency@tuningWord+2
   940     0137  3000               	movlw	0
   941     0138  00CA               	movwf	DDS_SetFrequency@tuningWord+1
   942     0139  3000               	movlw	0
   943     013A  00C9               	movwf	DDS_SetFrequency@tuningWord
   944     013B                     l840:
   945                           
   946                           ;main.c: 133:     for (char i = 0; i < 4; i++) {
   947     013B  01CD               	clrf	DDS_SetFrequency@i
   948     013C                     l846:
   949                           
   950                           ;main.c: 134:         pulse_byte((tuningWord >> (8 * i)) & 0xFF);
   951     013C  0849               	movf	DDS_SetFrequency@tuningWord,w
   952     013D  00C4               	movwf	??_DDS_SetFrequency
   953     013E  084A               	movf	DDS_SetFrequency@tuningWord+1,w
   954     013F  00C5               	movwf	??_DDS_SetFrequency+1
   955     0140  084B               	movf	DDS_SetFrequency@tuningWord+2,w
   956     0141  00C6               	movwf	??_DDS_SetFrequency+2
   957     0142  084C               	movf	DDS_SetFrequency@tuningWord+3,w
   958     0143  00C7               	movwf	??_DDS_SetFrequency+3
   959     0144  084D               	movf	DDS_SetFrequency@i,w
   960     0145  00C8               	movwf	??_DDS_SetFrequency+4
   961     0146  3002               	movlw	2
   962     0147                     u415:
   963     0147  1003               	clrc
   964     0148  0DC8               	rlf	??_DDS_SetFrequency+4,f
   965     0149  3EFF               	addlw	-1
   966     014A  1D03               	skipz
   967     014B  2947               	goto	u415
   968     014C  1003               	clrc
   969     014D  0D48               	rlf	??_DDS_SetFrequency+4,w
   970     014E  3E01               	addlw	1
   971     014F  2955               	goto	u420
   972     0150                     u425:
   973     0150  1003               	clrc
   974     0151  0CC7               	rrf	??_DDS_SetFrequency+3,f
   975     0152  0CC6               	rrf	??_DDS_SetFrequency+2,f
   976     0153  0CC5               	rrf	??_DDS_SetFrequency+1,f
   977     0154  0CC4               	rrf	??_DDS_SetFrequency,f
   978     0155                     u420:
   979     0155  3EFF               	addlw	-1
   980     0156  1D03               	skipz
   981     0157  2950               	goto	u425
   982     0158  0844               	movf	??_DDS_SetFrequency,w
   983     0159  218E               	fcall	_pulse_byte
   984     015A                     l848:
   985                           
   986                           ;main.c: 135:     }
   987     015A  3001               	movlw	1
   988     015B  1283               	bcf	3,5	;RP0=0, select bank0
   989     015C  1303               	bcf	3,6	;RP1=0, select bank0
   990     015D  07CD               	addwf	DDS_SetFrequency@i,f
   991     015E                     l850:
   992     015E  3004               	movlw	4
   993     015F  024D               	subwf	DDS_SetFrequency@i,w
   994     0160  1C03               	skipc
   995     0161  2963               	goto	u431
   996     0162  2964               	goto	u430
   997     0163                     u431:
   998     0163  293C               	goto	l846
   999     0164                     u430:
  1000     0164                     l852:
  1001                           
  1002                           ;main.c: 136:     pulse_byte(0x00);
  1003     0164  3000               	movlw	0
  1004     0165  218E               	fcall	_pulse_byte
  1005     0166                     l854:
  1006                           
  1007                           ;main.c: 138:     PORTBbits.RB2 = 1;
  1008     0166  1283               	bcf	3,5	;RP0=0, select bank0
  1009     0167  1303               	bcf	3,6	;RP1=0, select bank0
  1010     0168  1506               	bsf	6,2	;volatile
  1011     0169                     l856:
  1012                           
  1013                           ;main.c: 139:     _delay((unsigned long)((1)*(4000000UL/4000000.0)));
  1014     0169  0000               	nop
  1015     016A                     l858:
  1016                           
  1017                           ;main.c: 140:     PORTBbits.RB2 = 0;
  1018     016A  1283               	bcf	3,5	;RP0=0, select bank0
  1019     016B  1303               	bcf	3,6	;RP1=0, select bank0
  1020     016C  1106               	bcf	6,2	;volatile
  1021     016D                     l84:
  1022     016D  0008               	return
  1023     016E                     __end_of_DDS_SetFrequency:
  1024                           
  1025                           	psect	text4
  1026     018E                     __ptext4:	
  1027 ;; *************** function _pulse_byte *****************
  1028 ;; Defined at:
  1029 ;;		line 121 in file "main.c"
  1030 ;; Parameters:    Size  Location     Type
  1031 ;;  data            1    wreg     unsigned char 
  1032 ;; Auto vars:     Size  Location     Type
  1033 ;;  data            1    4[COMMON] unsigned char 
  1034 ;;  i               1    5[COMMON] unsigned char 
  1035 ;; Return value:  Size  Location     Type
  1036 ;;                  1    wreg      void 
  1037 ;; Registers used:
  1038 ;;		wreg, status,2, status,0
  1039 ;; Tracked objects:
  1040 ;;		On entry : 0/0
  1041 ;;		On exit  : 0/0
  1042 ;;		Unchanged: 0/0
  1043 ;; Data sizes:     COMMON   BANK0   BANK1   BANK2
  1044 ;;      Params:         0       0       0       0
  1045 ;;      Locals:         2       0       0       0
  1046 ;;      Temps:          2       0       0       0
  1047 ;;      Totals:         4       0       0       0
  1048 ;;Total ram usage:        4 bytes
  1049 ;; Hardware stack levels used: 1
  1050 ;; Hardware stack levels required when called: 1
  1051 ;; This function calls:
  1052 ;;		Nothing
  1053 ;; This function is called by:
  1054 ;;		_DDS_SetFrequency
  1055 ;; This function uses a non-reentrant model
  1056 ;;
  1057                           
  1058     018E                     _pulse_byte:	
  1059                           ;psect for function _pulse_byte
  1060                           
  1061                           
  1062                           ;incstack = 0
  1063                           ; Regs used in _pulse_byte: [wreg+status,2+status,0]
  1064                           ;pulse_byte@data stored from wreg
  1065     018E  00F4               	movwf	pulse_byte@data
  1066     018F                     l738:
  1067                           
  1068                           ;main.c: 122:     for (char i = 0; i < 8; i++) {
  1069     018F  01F5               	clrf	pulse_byte@i
  1070     0190                     l744:
  1071                           
  1072                           ;main.c: 123:         PORTBbits.RB0 = (data >> i) & 0x01;
  1073     0190  0874               	movf	pulse_byte@data,w
  1074     0191  00F2               	movwf	??_pulse_byte
  1075     0192  0A75               	incf	pulse_byte@i,w
  1076     0193  2996               	goto	u224
  1077     0194                     u225:
  1078     0194  1003               	clrc
  1079     0195  0CF2               	rrf	??_pulse_byte,f
  1080     0196                     u224:
  1081     0196  3EFF               	addlw	-1
  1082     0197  1D03               	skipz
  1083     0198  2994               	goto	u225
  1084     0199  3001               	movlw	1
  1085     019A  0572               	andwf	??_pulse_byte,w
  1086     019B  00F3               	movwf	??_pulse_byte+1
  1087     019C  1283               	bcf	3,5	;RP0=0, select bank0
  1088     019D  1303               	bcf	3,6	;RP1=0, select bank0
  1089     019E  0806               	movf	6,w	;volatile
  1090     019F  0673               	xorwf	??_pulse_byte+1,w
  1091     01A0  39FE               	andlw	-2
  1092     01A1  0673               	xorwf	??_pulse_byte+1,w
  1093     01A2  0086               	movwf	6	;volatile
  1094     01A3                     l746:
  1095                           
  1096                           ;main.c: 124:         PORTBbits.RB1 = 1;
  1097     01A3  1486               	bsf	6,1	;volatile
  1098     01A4                     l748:
  1099                           
  1100                           ;main.c: 125:         PORTBbits.RB1 = 0;
  1101     01A4  1086               	bcf	6,1	;volatile
  1102                           
  1103                           ;main.c: 126:     }
  1104     01A5  3001               	movlw	1
  1105     01A6  07F5               	addwf	pulse_byte@i,f
  1106     01A7                     l750:
  1107     01A7  3008               	movlw	8
  1108     01A8  0275               	subwf	pulse_byte@i,w
  1109     01A9  1C03               	skipc
  1110     01AA  29AC               	goto	u231
  1111     01AB  29AD               	goto	u230
  1112     01AC                     u231:
  1113     01AC  2990               	goto	l744
  1114     01AD                     u230:
  1115     01AD                     l79:
  1116     01AD  0008               	return
  1117     01AE                     __end_of_pulse_byte:
  1118                           
  1119                           	psect	text5
  1120     01CD                     __ptext5:	
  1121 ;; *************** function _DDS_Reset *****************
  1122 ;; Defined at:
  1123 ;;		line 112 in file "main.c"
  1124 ;; Parameters:    Size  Location     Type
  1125 ;;		None
  1126 ;; Auto vars:     Size  Location     Type
  1127 ;;		None
  1128 ;; Return value:  Size  Location     Type
  1129 ;;                  1    wreg      void 
  1130 ;; Registers used:
  1131 ;;		wreg
  1132 ;; Tracked objects:
  1133 ;;		On entry : 0/0
  1134 ;;		On exit  : 0/0
  1135 ;;		Unchanged: 0/0
  1136 ;; Data sizes:     COMMON   BANK0   BANK1   BANK2
  1137 ;;      Params:         0       0       0       0
  1138 ;;      Locals:         0       0       0       0
  1139 ;;      Temps:          2       0       0       0
  1140 ;;      Totals:         2       0       0       0
  1141 ;;Total ram usage:        2 bytes
  1142 ;; Hardware stack levels used: 1
  1143 ;; Hardware stack levels required when called: 1
  1144 ;; This function calls:
  1145 ;;		Nothing
  1146 ;; This function is called by:
  1147 ;;		_main
  1148 ;; This function uses a non-reentrant model
  1149 ;;
  1150                           
  1151     01CD                     _DDS_Reset:	
  1152                           ;psect for function _DDS_Reset
  1153                           
  1154     01CD                     l754:	
  1155                           ;incstack = 0
  1156                           ; Regs used in _DDS_Reset: [wreg]
  1157                           
  1158                           
  1159                           ;main.c: 113:     PORTBbits.RB3 = 0;
  1160     01CD  1283               	bcf	3,5	;RP0=0, select bank0
  1161     01CE  1303               	bcf	3,6	;RP1=0, select bank0
  1162     01CF  1186               	bcf	6,3	;volatile
  1163     01D0                     l756:
  1164                           
  1165                           ;main.c: 114:     _delay((unsigned long)((20)*(4000000UL/4000.0)));
  1166     01D0  301A               	movlw	26
  1167     01D1  00F3               	movwf	??_DDS_Reset+1
  1168     01D2  30F8               	movlw	248
  1169     01D3  00F2               	movwf	??_DDS_Reset
  1170     01D4                     u597:
  1171     01D4  0BF2               	decfsz	??_DDS_Reset,f
  1172     01D5  29D4               	goto	u597
  1173     01D6  0BF3               	decfsz	??_DDS_Reset+1,f
  1174     01D7  29D4               	goto	u597
  1175     01D8  0000               	nop
  1176     01D9                     l758:
  1177                           
  1178                           ;main.c: 115:     PORTBbits.RB3 = 1;
  1179     01D9  1283               	bcf	3,5	;RP0=0, select bank0
  1180     01DA  1303               	bcf	3,6	;RP1=0, select bank0
  1181     01DB  1586               	bsf	6,3	;volatile
  1182                           
  1183                           ;main.c: 116:     _delay((unsigned long)((20)*(4000000UL/4000.0)));
  1184     01DC  301A               	movlw	26
  1185     01DD  00F3               	movwf	??_DDS_Reset+1
  1186     01DE  30F8               	movlw	248
  1187     01DF  00F2               	movwf	??_DDS_Reset
  1188     01E0                     u607:
  1189     01E0  0BF2               	decfsz	??_DDS_Reset,f
  1190     01E1  29E0               	goto	u607
  1191     01E2  0BF3               	decfsz	??_DDS_Reset+1,f
  1192     01E3  29E0               	goto	u607
  1193     01E4  0000               	nop
  1194     01E5                     l760:
  1195                           
  1196                           ;main.c: 117:     PORTBbits.RB3 = 0;
  1197     01E5  1283               	bcf	3,5	;RP0=0, select bank0
  1198     01E6  1303               	bcf	3,6	;RP1=0, select bank0
  1199     01E7  1186               	bcf	6,3	;volatile
  1200     01E8                     l74:
  1201     01E8  0008               	return
  1202     01E9                     __end_of_DDS_Reset:
  1203                           
  1204                           	psect	text6
  1205     01AE                     __ptext6:	
  1206 ;; *************** function _ISR_Handler *****************
  1207 ;; Defined at:
  1208 ;;		line 46 in file "main.c"
  1209 ;; Parameters:    Size  Location     Type
  1210 ;;		None
  1211 ;; Auto vars:     Size  Location     Type
  1212 ;;		None
  1213 ;; Return value:  Size  Location     Type
  1214 ;;                  1    wreg      void 
  1215 ;; Registers used:
  1216 ;;		wreg
  1217 ;; Tracked objects:
  1218 ;;		On entry : 0/0
  1219 ;;		On exit  : 0/0
  1220 ;;		Unchanged: 0/0
  1221 ;; Data sizes:     COMMON   BANK0   BANK1   BANK2
  1222 ;;      Params:         0       0       0       0
  1223 ;;      Locals:         0       0       0       0
  1224 ;;      Temps:          2       0       0       0
  1225 ;;      Totals:         2       0       0       0
  1226 ;;Total ram usage:        2 bytes
  1227 ;; Hardware stack levels used: 1
  1228 ;; This function calls:
  1229 ;;		Nothing
  1230 ;; This function is called by:
  1231 ;;		Interrupt level 1
  1232 ;; This function uses a non-reentrant model
  1233 ;;
  1234                           
  1235     01AE                     _ISR_Handler:	
  1236                           ;psect for function _ISR_Handler
  1237                           
  1238     01AE                     i1l688:
  1239                           
  1240                           ;main.c: 47:     if (INTF) {
  1241     01AE  1C8B               	btfss	11,1	;volatile
  1242     01AF  29B1               	goto	u11_21
  1243     01B0  29B2               	goto	u11_20
  1244     01B1                     u11_21:
  1245     01B1  29C6               	goto	i1l50
  1246     01B2                     u11_20:
  1247     01B2                     i1l690:
  1248                           
  1249                           ;main.c: 48:         if (RB5 == 1) {
  1250     01B2  1283               	bcf	3,5	;RP0=0, select bank0
  1251     01B3  1303               	bcf	3,6	;RP1=0, select bank0
  1252     01B4  1E86               	btfss	6,5	;volatile
  1253     01B5  29B7               	goto	u12_21
  1254     01B6  29B8               	goto	u12_20
  1255     01B7                     u12_21:
  1256     01B7  29BF               	goto	i1l694
  1257     01B8                     u12_20:
  1258     01B8                     i1l692:
  1259                           
  1260                           ;main.c: 49:             encoder_counter++;
  1261     01B8  3001               	movlw	1
  1262     01B9  07F9               	addwf	_encoder_counter,f	;volatile
  1263     01BA  1803               	skipnc
  1264     01BB  0AFA               	incf	_encoder_counter+1,f	;volatile
  1265     01BC  3000               	movlw	0
  1266     01BD  07FA               	addwf	_encoder_counter+1,f	;volatile
  1267                           
  1268                           ;main.c: 50:         } else {
  1269     01BE  29C5               	goto	i1l696
  1270     01BF                     i1l694:
  1271                           
  1272                           ;main.c: 51:             encoder_counter--;
  1273     01BF  30FF               	movlw	255
  1274     01C0  07F9               	addwf	_encoder_counter,f	;volatile
  1275     01C1  1803               	skipnc
  1276     01C2  0AFA               	incf	_encoder_counter+1,f	;volatile
  1277     01C3  30FF               	movlw	255
  1278     01C4  07FA               	addwf	_encoder_counter+1,f	;volatile
  1279     01C5                     i1l696:
  1280                           
  1281                           ;main.c: 53:         INTF = 0;
  1282     01C5  108B               	bcf	11,1	;volatile
  1283     01C6                     i1l50:
  1284     01C6  0871               	movf	??_ISR_Handler+1,w
  1285     01C7  008A               	movwf	10
  1286     01C8  0E70               	swapf	??_ISR_Handler,w
  1287     01C9  0083               	movwf	3
  1288     01CA  0EFE               	swapf	btemp,f
  1289     01CB  0E7E               	swapf	btemp,w
  1290     01CC  0009               	retfie
  1291     01CD                     __end_of_ISR_Handler:
  1292     0000                     ___latbits      equ	0
  1293     007E                     btemp           set	126	;btemp
  1294     007E                     wtemp0          set	126
  1295                           
  1296                           	psect	intentry
  1297     0004                     __pintentry:	
  1298                           ;incstack = 0
  1299                           ; Regs used in _ISR_Handler: [wreg]
  1300                           
  1301     0004                     interrupt_function:
  1302     007E                     saved_w         set	btemp
  1303     0004  00FE               	movwf	btemp
  1304     0005  0E03               	swapf	3,w
  1305     0006  00F0               	movwf	??_ISR_Handler
  1306     0007  080A               	movf	10,w
  1307     0008  00F1               	movwf	??_ISR_Handler+1
  1308     0009  29AE               	ljmp	_ISR_Handler
  1309                           
  1310                           	psect	config
  1311                           
  1312                           ;Config register CONFIG @ 0x2007
  1313                           ;	Oscillator Selection bits
  1314                           ;	FOSC = INTOSCIO, INTOSC oscillator: I/O function on RA6/OSC2/CLKOUT pin, I/O function 
      +                          on RA7/OSC1/CLKIN
  1315                           ;	Watchdog Timer Enable bit
  1316                           ;	WDTE = OFF, WDT disabled
  1317                           ;	Power-up Timer Enable bit
  1318                           ;	PWRTE = OFF, PWRT disabled
  1319                           ;	RA5/MCLR/VPP Pin Function Select bit
  1320                           ;	MCLRE = ON, RA5/MCLR/VPP pin function is MCLR
  1321                           ;	Brown-out Detect Enable bit
  1322                           ;	BOREN = OFF, BOD disabled
  1323                           ;	Low-Voltage Programming Enable bit
  1324                           ;	LVP = OFF, RB4/PGM pin has digital I/O function, HV on MCLR must be used for programmi
      +                          ng
  1325                           ;	Data EE Memory Code Protection bit
  1326                           ;	CPD = OFF, Data memory code protection off
  1327                           ;	Flash Program Memory Code Protection bit
  1328                           ;	CP = OFF, Code protection off
  1329     2007                     	org	8199
  1330     2007  3F38               	dw	16184

Data Sizes:
    Strings     0
    Constant    0
    Data        33
    BSS         4
    Persistent  0
    Stack       0

Auto Spaces:
    Space          Size  Autos    Used
    COMMON           14      9      12
    BANK0            80     14      48
    BANK1            80      0       0
    BANK2            48      0       0

Pointer List with Targets:

    None.

Critical Paths under _main in COMMON

    _main->___lmul
    _DDS_SetFrequency->_pulse_byte

Critical Paths under _ISR_Handler in COMMON

    None.

Critical Paths under _main in BANK0

    _main->_DDS_SetFrequency

Critical Paths under _ISR_Handler in BANK0

    None.

Critical Paths under _main in BANK1

    None.

Critical Paths under _ISR_Handler in BANK1

    None.

Critical Paths under _main in BANK2

    None.

Critical Paths under _ISR_Handler in BANK2

    None.

Call Graph Tables:

 ---------------------------------------------------------------------------------
 (Depth) Function   	        Calls       Base Space   Used Autos Params    Refs
 ---------------------------------------------------------------------------------
 (0) _main                                                 2     2      0     378
                                              7 COMMON     2     2      0
                          _DDS_Reset
                   _DDS_SetFrequency
                             ___lmul
                         _init_ports
 ---------------------------------------------------------------------------------
 (1) _init_ports                                           0     0      0       0
 ---------------------------------------------------------------------------------
 (1) ___lmul                                              13     5      8     142
                                              2 COMMON     5     5      0
                                              0 BANK0      8     0      8
 ---------------------------------------------------------------------------------
 (1) _DDS_SetFrequency                                    14    10      4     236
                                              0 BANK0     14    10      4
                         _pulse_byte
 ---------------------------------------------------------------------------------
 (2) _pulse_byte                                           4     4      0      97
                                              2 COMMON     4     4      0
 ---------------------------------------------------------------------------------
 (1) _DDS_Reset                                            2     2      0       0
                                              2 COMMON     2     2      0
 ---------------------------------------------------------------------------------
 Estimated maximum stack depth 2
 ---------------------------------------------------------------------------------
 (Depth) Function   	        Calls       Base Space   Used Autos Params    Refs
 ---------------------------------------------------------------------------------
 (3) _ISR_Handler                                          2     2      0       0
                                              0 COMMON     2     2      0
 ---------------------------------------------------------------------------------
 Estimated maximum stack depth 3
 ---------------------------------------------------------------------------------

 Call Graph Graphs:

 _main (ROOT)
   _DDS_Reset
   _DDS_SetFrequency
     _pulse_byte
   ___lmul
   _init_ports

 _ISR_Handler (ROOT)

Address spaces:
Name               Size   Autos  Total    Usage
BANK2               48      0       0      0.0%
BITBANK2            48      0       0      0.0%
BANK1               80      0       0      0.0%
BITBANK1            80      0       0      0.0%
BANK0               80     14      48     60.0%
BITBANK0            80      0       0      0.0%
COMMON              14      9      12     85.7%
BITCOMMON           14      0       0      0.0%
DATA                 0      0      60      0.0%
STACK                0      0       0      0.0%


Microchip Technology PIC Macro Assembler V3.00 build 20241204225717 
Symbol Table                                                                                   Thu Sep 11 11:13:21 2025

                         pc 0002                          l71 0202                          l63 00E3  
                        l74 01E8                          l84 016D                          l79 01AD  
                        fsr 0004                         l184 0130                         l900 00C1  
                       l750 01A7                         l910 00DC                         l902 00C7  
                       l760 01E5                         l744 0190                         l840 013B  
                       l752 01F8                         l912 00E2                         l904 00CB  
                       l754 01CD                         l746 01A3                         l738 018F  
                       l850 015E                         l906 00D4                         l756 01D0  
                       l748 01A4                         l852 0164                         l860 00E9  
                       l908 00DA                         l758 01D9                         l854 0166  
                       l846 013C                         l838 0131                         l870 0128  
                       l862 00F1                         l856 0169                         l848 015A  
                       l864 00F7                         l880 0020                         l858 016A  
                       l866 010E                         l890 007A                         l882 0023  
                       l874 001D                         l868 0117                         l892 008E  
                       l884 0024                         l876 001E                         l894 0099  
                       l886 002F                         l878 001F                         l896 00AC  
                       l888 003B                         l898 00B6                         _GIE 005F  
                       _RB5 0035                         u230 01AD                         u231 01AC  
                       u224 0196                         u225 0194                         u420 0155  
                       u430 0164                         u431 0163                         u415 0147  
                       u511 006C                         u440 00F7                         u520 008E  
                       u512 0073                         u425 0150                         u441 00F6  
                       u521 008D                         u513 007A                         u505 004B  
                       u530 00AC                         u451 0100                         u531 00AB  
                       u523 008A                         u452 0107                         u540 00CB  
                       u453 010E                         u541 00CA                         u533 00A8  
                       u550 00DA                         u607 01E0                         u551 00D9  
                       u480 0128                         u560 00E2                         u481 0127  
                       u465 0110                         u561 00E1                         u570 00E7  
                       u490 003B                         u475 0118                         u571 00E6  
                       u491 003A                         u495 0037                         u587 00CF  
                       u597 01D4                         fsr0 0004                         indf 0000  
                      _INTE 005C                        _INTF 0059                        i1l50 01C6  
                      _main 001D                        btemp 007E                        start 000A  
                     ?_main 0070                       _CMCON 001F                       i1l690 01B2  
                     i1l692 01B8                       i1l694 01BF                       i1l696 01C5  
                     i1l688 01AE                       u11_20 01B2                       u11_21 01B1  
                     u12_20 01B8                       u12_21 01B7                       _TRISA 0085  
                     _TRISB 0086         ___lmul@multiplicand 0044            _DDS_SetFrequency 0131  
                     pclath 000A                       status 0003                       wtemp0 007E  
           __initialization 000B                __end_of_main 00E9           __end_of_DDS_Reset 01E9  
              ?_ISR_Handler 0070                      ??_main 0077                      _INTEDG 040E  
                    ___lmul 00E9                __pdataCOMMON 007B                      saved_w 007E  
   __end_of__initialization 001B              __pcstackCOMMON 0070                __pidataBANK0 016E  
                __pbssBANK0 004E       _currentIncrementIndex 007B                  __pmaintext 001D  
                   ?___lmul 0040    __end_of_DDS_SetFrequency 016E                  __pintentry 0004  
            ___lmul@product 0073          _last_encoder_value 004E                  _init_ports 01F8  
                   __ptext1 01F8                     __ptext2 00E9                     __ptext3 0131  
                   __ptext4 018E                     __ptext5 01CD                     __ptext6 01AE  
                   _maxFreq 0034                   _DDS_Reset 01CD                     _minFreq 0038  
      end_of_initialization 001B                   _PORTAbits 0005                   _PORTBbits 0006  
                ?_DDS_Reset 0070                  _pulse_byte 018E              __end_of___lmul 0131  
             __pidataCOMMON 0203                 ?_init_ports 0070         start_initialization 000B  
               pulse_byte@i 0075                    ??___lmul 0072                  init_fetch0 01E9  
               __pdataBANK0 0020           ?_DDS_SetFrequency 0040          ??_DDS_SetFrequency 0044  
               ??_DDS_Reset 0072             _encoder_counter 0079                 __pbssCOMMON 0079  
                 ___latbits 0000               __pcstackBANK0 0040                 ?_pulse_byte 0070  
             ??_ISR_Handler 0070           interrupt_function 0004           DDS_SetFrequency@i 004D  
       __end_of_ISR_Handler 01CD           ___lmul@multiplier 0040              pulse_byte@data 0074  
              ??_init_ports 0072                 _currentFreq 003C          __end_of_init_ports 0203  
           _incrementValues 0020                 _ISR_Handler 01AE                    init_ram0 01ED  
 DDS_SetFrequency@frequency 0040                ??_pulse_byte 0072                    intlevel1 0000  
DDS_SetFrequency@tuningWord 0049          __end_of_pulse_byte 01AE  
